Using pre-set license
Built from '2023.2/staging' branch; Version is '2023.2.9f1 (0c9c2e1f4bef) revision 826414'; Using compiler version '193431935'; Build Type 'Release'
OS: 'Windows 10  (10.0.19045) 64bit Core' Language: 'ru' Physical Memory: 16222 MB
BatchMode: 1, IsHumanControllingUs: 0, StartBugReporterOnCrash: 0, Is64bit: 1, IsPro: 1

COMMAND LINE ARGUMENTS:
C:\Program Files\Unity\Hub\Editor\2023.2.9f1\Editor\Unity.exe
-adb2
-batchMode
-noUpm
-name
AssetImportWorker4
-projectPath
D:/Unity Projects/prohibition-local-gamejam
-logFile
Logs/AssetImportWorker4.log
-srvPort
59391
-job-worker-count
5
-background-job-worker-count
8
-asset-garbage-collectors
1
Successfully changed project path to: D:/Unity Projects/prohibition-local-gamejam
D:/Unity Projects/prohibition-local-gamejam
[UnityMemory] Configuration Parameters - Can be set up in boot.config
    "memorysetup-bucket-allocator-granularity=16"
    "memorysetup-bucket-allocator-bucket-count=8"
    "memorysetup-bucket-allocator-block-size=33554432"
    "memorysetup-bucket-allocator-block-count=8"
    "memorysetup-main-allocator-block-size=16777216"
    "memorysetup-thread-allocator-block-size=16777216"
    "memorysetup-gfx-main-allocator-block-size=16777216"
    "memorysetup-gfx-thread-allocator-block-size=16777216"
    "memorysetup-cache-allocator-block-size=4194304"
    "memorysetup-typetree-allocator-block-size=2097152"
    "memorysetup-profiler-bucket-allocator-granularity=16"
    "memorysetup-profiler-bucket-allocator-bucket-count=8"
    "memorysetup-profiler-bucket-allocator-block-size=33554432"
    "memorysetup-profiler-bucket-allocator-block-count=8"
    "memorysetup-profiler-allocator-block-size=16777216"
    "memorysetup-profiler-editor-allocator-block-size=1048576"
    "memorysetup-temp-allocator-size-main=16777216"
    "memorysetup-job-temp-allocator-block-size=2097152"
    "memorysetup-job-temp-allocator-block-size-background=1048576"
    "memorysetup-job-temp-allocator-reduction-small-platforms=262144"
    "memorysetup-allocator-temp-initial-block-size-main=262144"
    "memorysetup-allocator-temp-initial-block-size-worker=262144"
    "memorysetup-temp-allocator-size-background-worker=32768"
    "memorysetup-temp-allocator-size-job-worker=262144"
    "memorysetup-temp-allocator-size-preload-manager=33554432"
    "memorysetup-temp-allocator-size-nav-mesh-worker=65536"
    "memorysetup-temp-allocator-size-audio-worker=65536"
    "memorysetup-temp-allocator-size-cloud-worker=32768"
    "memorysetup-temp-allocator-size-gi-baking-worker=262144"
    "memorysetup-temp-allocator-size-gi-baking-worker=262144"
    "memorysetup-temp-allocator-size-gi-baking-worker=262144"
    "memorysetup-temp-allocator-size-gi-baking-worker=262144"
    "memorysetup-temp-allocator-size-gfx=262144"
Player connection [23748] Host "[IP] 192.168.8.199 [Port] 0 [Flags] 2 [Guid] 3050894150 [EditorId] 3050894150 [Version] 1048832 [Id] WindowsEditor(7,DESKTOP-3D0KRJE) [Debug] 1 [PackageName] WindowsEditor [ProjectName] Editor" joined multi-casting on [225.0.0.222:54997]...
Player connection [23748] Host "[IP] 192.168.8.199 [Port] 0 [Flags] 2 [Guid] 3050894150 [EditorId] 3050894150 [Version] 1048832 [Id] WindowsEditor(7,DESKTOP-3D0KRJE) [Debug] 1 [PackageName] WindowsEditor [ProjectName] Editor" joined alternative multi-casting on [225.0.0.222:34997]...
JobSystem: Creating JobQueue using job-worker-count value 5
[Physics::Module] Initialized MultithreadedJobDispatcher with 5 workers.
Library Redirect Path: Library/
Refreshing native plugins compatible for Editor in 0.57 ms, found 3 plugins.
Preloading 0 native plugins for Editor in 0.00 ms.
Initialize engine version: 2023.2.9f1 (0c9c2e1f4bef)
[Subsystems] Discovering subsystems at path C:/Program Files/Unity/Hub/Editor/2023.2.9f1/Editor/Data/Resources/UnitySubsystems
[Subsystems] Discovering subsystems at path D:/Unity Projects/prohibition-local-gamejam/Assets
GfxDevice: creating device client; kGfxThreadingModeNonThreaded
Direct3D:
    Version:  Direct3D 11.0 [level 11.1]
    Renderer: NVIDIA GeForce RTX 3060 Ti (ID=0x2486)
    Vendor:   NVIDIA
    VRAM:     8038 MB
    Driver:   31.0.15.3623
Initialize mono
Mono path[0] = 'C:/Program Files/Unity/Hub/Editor/2023.2.9f1/Editor/Data/Managed'
Mono path[1] = 'C:/Program Files/Unity/Hub/Editor/2023.2.9f1/Editor/Data/MonoBleedingEdge/lib/mono/unityjit-win32'
Mono config path = 'C:/Program Files/Unity/Hub/Editor/2023.2.9f1/Editor/Data/MonoBleedingEdge/etc'
Using monoOptions --debugger-agent=transport=dt_socket,embedding=1,server=y,suspend=n,address=127.0.0.1:56976
Begin MonoManager ReloadAssembly
C:\build\output\Unity-Technologies\mono\mono\metadata\icall.c:1842:
C:\build\output\Unity-Technologies\mono\mono\metadata\icall.c:1842:
C:\build\output\Unity-Technologies\mono\mono\metadata\icall.c:1842:
C:\build\output\Unity-Technologies\mono\mono\metadata\icall.c:1842:
C:\build\output\Unity-Technologies\mono\mono\metadata\icall.c:1842:
C:\build\output\Unity-Technologies\mono\mono\metadata\icall.c:1842:
C:\build\output\Unity-Technologies\mono\mono\metadata\icall.c:1842:
C:\build\output\Unity-Technologies\mono\mono\metadata\icall.c:1842:
C:\build\output\Unity-Technologies\mono\mono\metadata\icall.c:1842:
C:\build\output\Unity-Technologies\mono\mono\metadata\icall.c:1842:
Registering precompiled unity dll's ...
Register platform support module: C:/Program Files/Unity/Hub/Editor/2023.2.9f1/Editor/Data/PlaybackEngines/WindowsStandaloneSupport/UnityEditor.WindowsStandalone.Extensions.dll
Register platform support module: C:/Program Files/Unity/Hub/Editor/2023.2.9f1/Editor/Data/PlaybackEngines/AndroidPlayer/UnityEditor.Android.Extensions.dll
Registered in 0.216770 seconds.
- Loaded All Assemblies, in  6.276 seconds
Native extension for Android target not found
Android Extension - Scanning For ADB Devices 344 ms
Native extension for WindowsStandalone target not found
Mono: successfully reloaded assembly
C:\build\output\Unity-Technologies\mono\mono\metadata\icall.c:1842:
C:\build\output\Unity-Technologies\mono\mono\metadata\icall.c:1842:
- Finished resetting the current domain, in  0.676 seconds
Domain Reload Profiling: 6951ms
	BeginReloadAssembly (4556ms)
		ExecutionOrderSort (0ms)
		DisableScriptedObjects (0ms)
		BackupInstance (0ms)
		ReleaseScriptingObjects (0ms)
		CreateAndSetChildDomain (1ms)
	RebuildCommonClasses (411ms)
	RebuildNativeTypeToScriptingClass (11ms)
	initialDomainReloadingComplete (257ms)
	LoadAllAssembliesAndSetupDomain (1039ms)
		LoadAssemblies (4554ms)
		RebuildTransferFunctionScriptingTraits (0ms)
		AnalyzeDomain (1037ms)
			TypeCache.Refresh (1035ms)
				TypeCache.ScanAssembly (850ms)
			BuildScriptInfoCaches (0ms)
			ResolveRequiredComponents (0ms)
	FinalizeReload (677ms)
		ReleaseScriptCaches (0ms)
		RebuildScriptCaches (0ms)
		SetupLoadedEditorAssemblies (633ms)
			LogAssemblyErrors (0ms)
			InitializePlatformSupportModulesInManaged (440ms)
			SetLoadedEditorAssemblies (3ms)
			BeforeProcessingInitializeOnLoad (6ms)
			ProcessInitializeOnLoadAttributes (143ms)
			ProcessInitializeOnLoadMethodAttributes (40ms)
			AfterProcessingInitializeOnLoad (0ms)
			EditorAssembliesLoaded (0ms)
		ExecutionOrderSort2 (0ms)
		AwakeInstancesAfterBackupRestoration (0ms)
========================================================================
Worker process is ready to serve import requests
Import Worker Mode flag is 0x00
Begin MonoManager ReloadAssembly
C:\build\output\Unity-Technologies\mono\mono\metadata\icall.c:1842:
C:\build\output\Unity-Technologies\mono\mono\metadata\icall.c:1842:
C:\build\output\Unity-Technologies\mono\mono\metadata\icall.c:1842:
C:\build\output\Unity-Technologies\mono\mono\metadata\icall.c:1842:
C:\build\output\Unity-Technologies\mono\mono\metadata\icall.c:1842:
C:\build\output\Unity-Technologies\mono\mono\metadata\icall.c:1842:
C:\build\output\Unity-Technologies\mono\mono\metadata\icall.c:1842:
C:\build\output\Unity-Technologies\mono\mono\metadata\icall.c:1842:
C:\build\output\Unity-Technologies\mono\mono\metadata\icall.c:1842:
C:\build\output\Unity-Technologies\mono\mono\metadata\icall.c:1842:
C:\build\output\Unity-Technologies\mono\mono\metadata\icall.c:1842:
C:\build\output\Unity-Technologies\mono\mono\metadata\icall.c:1842:
Symbol file LoadedFromMemory doesn't match image D:\Unity Projects\prohibition-local-gamejam\Library\PackageCache\com.unity.visualscripting@1.8.0\Editor\VisualScripting.Core\Dependencies\YamlDotNet\Unity.VisualScripting.YamlDotNet.dll
Symbol file LoadedFromMemory doesn't match image D:\Unity Projects\prohibition-local-gamejam\Library\PackageCache\com.unity.visualscripting@1.8.0\Editor\VisualScripting.Core\Dependencies\DotNetZip\Unity.VisualScripting.IonicZip.dll
- Loaded All Assemblies, in  5.108 seconds
Refreshing native plugins compatible for Editor in 0.26 ms, found 3 plugins.
Native extension for Android target not found
Native extension for WindowsStandalone target not found
Mono: successfully reloaded assembly
- Finished resetting the current domain, in  0.543 seconds
Domain Reload Profiling: 5649ms
	BeginReloadAssembly (305ms)
		ExecutionOrderSort (0ms)
		DisableScriptedObjects (4ms)
		BackupInstance (0ms)
		ReleaseScriptingObjects (0ms)
		CreateAndSetChildDomain (26ms)
	RebuildCommonClasses (39ms)
	RebuildNativeTypeToScriptingClass (13ms)
	initialDomainReloadingComplete (41ms)
	LoadAllAssembliesAndSetupDomain (4708ms)
		LoadAssemblies (4110ms)
		RebuildTransferFunctionScriptingTraits (0ms)
		AnalyzeDomain (701ms)
			TypeCache.Refresh (675ms)
				TypeCache.ScanAssembly (625ms)
			BuildScriptInfoCaches (20ms)
			ResolveRequiredComponents (4ms)
	FinalizeReload (544ms)
		ReleaseScriptCaches (0ms)
		RebuildScriptCaches (0ms)
		SetupLoadedEditorAssemblies (372ms)
			LogAssemblyErrors (0ms)
			InitializePlatformSupportModulesInManaged (15ms)
			SetLoadedEditorAssemblies (4ms)
			BeforeProcessingInitializeOnLoad (36ms)
			ProcessInitializeOnLoadAttributes (296ms)
			ProcessInitializeOnLoadMethodAttributes (16ms)
			AfterProcessingInitializeOnLoad (5ms)
			EditorAssembliesLoaded (0ms)
		ExecutionOrderSort2 (0ms)
		AwakeInstancesAfterBackupRestoration (7ms)
Launched and connected shader compiler UnityShaderCompiler.exe after 0.03 seconds
Refreshing native plugins compatible for Editor in 0.90 ms, found 3 plugins.
Preloading 0 native plugins for Editor in 0.00 ms.
Unloading 11 Unused Serialized files (Serialized files now loaded: 0)
Unloading 3381 unused Assets / (1.2 MB). Loaded Objects now: 3969.
Memory consumption went from 132.6 MB to 131.4 MB.
Total: 7.592700 ms (FindLiveObjects: 0.760800 ms CreateObjectMapping: 0.571400 ms MarkObjects: 4.686000 ms  DeleteObjects: 1.573000 ms)

========================================================================
Received Import Request.
  Time since last request: 8528.601961 seconds.
  path: Assets/European Buildings/Materials/balcon_1.mat
  artifactKey: Guid(3dd37bccb7c47de43bff59a728b0620f) Importer(815301076,1909f56bfc062723c751e8b465ee728b)
Start importing Assets/European Buildings/Materials/balcon_1.mat using Guid(3dd37bccb7c47de43bff59a728b0620f) Importer(815301076,1909f56bfc062723c751e8b465ee728b) (PreviewImporter) -> (artifact id: 'cd2c2df8a017216d8476ca53797f05e1') in 0.124267 seconds
Number of updated asset objects reloaded before import = 0Number of asset objects unloaded after import = 1

========================================================================
Received Import Request.
  Time since last request: 6.727661 seconds.
  path: Assets/HurlyBurly/FREE_LowPoly_SubwayEntrance
  artifactKey: Guid(9e61b45e352124c8ea20100209eeb625) Importer(815301076,1909f56bfc062723c751e8b465ee728b)
Start importing Assets/HurlyBurly/FREE_LowPoly_SubwayEntrance using Guid(9e61b45e352124c8ea20100209eeb625) Importer(815301076,1909f56bfc062723c751e8b465ee728b) (PreviewImporter) -> (artifact id: 'c6631acd6a1999fdd69a989f7f6e79f7') in 0.0004205 seconds
Number of updated asset objects reloaded before import = 0Number of asset objects unloaded after import = 0

========================================================================
Received Import Request.
  Time since last request: 2.112978 seconds.
  path: Assets/HurlyBurly/FREE_LowPoly_SubwayEntrance/Scenes
  artifactKey: Guid(96e71f3b817074e79a5bc13388bb0e64) Importer(815301076,1909f56bfc062723c751e8b465ee728b)
Start importing Assets/HurlyBurly/FREE_LowPoly_SubwayEntrance/Scenes using Guid(96e71f3b817074e79a5bc13388bb0e64) Importer(815301076,1909f56bfc062723c751e8b465ee728b) (PreviewImporter) -> (artifact id: '96e7148e42756770f3111b1cab2e7b01') in 0.0003675 seconds
Number of updated asset objects reloaded before import = 0Number of asset objects unloaded after import = 0

========================================================================
Received Import Request.
  Time since last request: 0.767224 seconds.
  path: Assets/HurlyBurly/FREE_LowPoly_SubwayEntrance/Scenes/FREE_SubwayEntrance_Demo.unity
  artifactKey: Guid(a2f56d59ba7aa4cf1bbad3e179e50467) Importer(815301076,1909f56bfc062723c751e8b465ee728b)
Start importing Assets/HurlyBurly/FREE_LowPoly_SubwayEntrance/Scenes/FREE_SubwayEntrance_Demo.unity using Guid(a2f56d59ba7aa4cf1bbad3e179e50467) Importer(815301076,1909f56bfc062723c751e8b465ee728b) (PreviewImporter) -> (artifact id: '55368ca69917a83aacd6706b51f3a716') in 0.0003727 seconds
Number of updated asset objects reloaded before import = 0Number of asset objects unloaded after import = 0

========================================================================
Received Import Request.
  Time since last request: 34.435008 seconds.
  path: Assets/HurlyBurly/FREE_LowPoly_SubwayEntrance/Models/FREE_SW_ENV_StreetEntrance_01.fbx
  artifactKey: Guid(795a894c8e91e4a058ef3f594fca8723) Importer(815301076,1909f56bfc062723c751e8b465ee728b)
Start importing Assets/HurlyBurly/FREE_LowPoly_SubwayEntrance/Models/FREE_SW_ENV_StreetEntrance_01.fbx using Guid(795a894c8e91e4a058ef3f594fca8723) Importer(815301076,1909f56bfc062723c751e8b465ee728b) (PreviewImporter) -> (artifact id: '2c8c10b3cf845f0d1c49a915470ef624') in 0.0614514 seconds
Number of updated asset objects reloaded before import = 0Number of asset objects unloaded after import = 7

========================================================================
Received Import Request.
  Time since last request: 1.509805 seconds.
  path: Assets/HurlyBurly/FREE_LowPoly_SubwayEntrance/Models/Collisions
  artifactKey: Guid(2c646da4fbfda48d2babda831d6bbe1c) Importer(815301076,1909f56bfc062723c751e8b465ee728b)
Start importing Assets/HurlyBurly/FREE_LowPoly_SubwayEntrance/Models/Collisions using Guid(2c646da4fbfda48d2babda831d6bbe1c) Importer(815301076,1909f56bfc062723c751e8b465ee728b) (PreviewImporter) -> (artifact id: '91010617c47df9b36633cee8c20fd7f2') in 0.0003841 seconds
Number of updated asset objects reloaded before import = 0Number of asset objects unloaded after import = 0

========================================================================
Received Import Request.
  Time since last request: 0.300884 seconds.
  path: Assets/HurlyBurly/FREE_LowPoly_SubwayEntrance/Models/Collisions/FREE_SW_ENV_StreetEntrance_01_Collision.fbx
  artifactKey: Guid(92fd588471ef142cbb7a43adc926d887) Importer(815301076,1909f56bfc062723c751e8b465ee728b)
Start importing Assets/HurlyBurly/FREE_LowPoly_SubwayEntrance/Models/Collisions/FREE_SW_ENV_StreetEntrance_01_Collision.fbx using Guid(92fd588471ef142cbb7a43adc926d887) Importer(815301076,1909f56bfc062723c751e8b465ee728b) (PreviewImporter) -> (artifact id: '6143e87f58af25ad6f63b7e7fe07df3e') in 0.0483871 seconds
Number of updated asset objects reloaded before import = 0Number of asset objects unloaded after import = 7

========================================================================
Received Import Request.
  Time since last request: 2.534403 seconds.
  path: Assets/HurlyBurly/FREE_LowPoly_SubwayEntrance/Materials
  artifactKey: Guid(2a66a8f7617d64ab19b8e32e7cea07ad) Importer(815301076,1909f56bfc062723c751e8b465ee728b)
Start importing Assets/HurlyBurly/FREE_LowPoly_SubwayEntrance/Materials using Guid(2a66a8f7617d64ab19b8e32e7cea07ad) Importer(815301076,1909f56bfc062723c751e8b465ee728b) (PreviewImporter) -> (artifact id: '3de90269fa8899bb0a604c54375ff6b0') in 0.000478 seconds
Number of updated asset objects reloaded before import = 0Number of asset objects unloaded after import = 0

========================================================================
Received Import Request.
  Time since last request: 0.385330 seconds.
  path: Assets/HurlyBurly/FREE_LowPoly_SubwayEntrance/Models
  artifactKey: Guid(109c955cfc61c4f07967a3c69b0509d1) Importer(815301076,1909f56bfc062723c751e8b465ee728b)
Start importing Assets/HurlyBurly/FREE_LowPoly_SubwayEntrance/Models using Guid(109c955cfc61c4f07967a3c69b0509d1) Importer(815301076,1909f56bfc062723c751e8b465ee728b) (PreviewImporter) -> (artifact id: '83f675d598d304681e10d5507c70620d') in 0.0003845 seconds
Number of updated asset objects reloaded before import = 0Number of asset objects unloaded after import = 0

========================================================================
Received Import Request.
  Time since last request: 6.175339 seconds.
  path: Assets/HurlyBurly/FREE_LowPoly_SubwayEntrance/Prefabs/FREE_SW_ENV_StreetEntrance_01.prefab
  artifactKey: Guid(00884ecfdee48429b9b0256fe101d69a) Importer(815301076,1909f56bfc062723c751e8b465ee728b)
Start importing Assets/HurlyBurly/FREE_LowPoly_SubwayEntrance/Prefabs/FREE_SW_ENV_StreetEntrance_01.prefab using Guid(00884ecfdee48429b9b0256fe101d69a) Importer(815301076,1909f56bfc062723c751e8b465ee728b) (PreviewImporter) -> (artifact id: 'b9016e304564951bce83737afb85c89e') in 0.2881196 seconds
Number of updated asset objects reloaded before import = 0Number of asset objects unloaded after import = 65

========================================================================
Received Import Request.
  Time since last request: 59.243405 seconds.
  path: Assets/HurlyBurly/FREE_LowPoly_SubwayEntrance/Prefabs
  artifactKey: Guid(ff0997a24cf6945bda32d48c56cb9773) Importer(815301076,1909f56bfc062723c751e8b465ee728b)
Start importing Assets/HurlyBurly/FREE_LowPoly_SubwayEntrance/Prefabs using Guid(ff0997a24cf6945bda32d48c56cb9773) Importer(815301076,1909f56bfc062723c751e8b465ee728b) (PreviewImporter) -> (artifact id: '839a1346c279c7d4e21625272aae7b8c') in 0.0004925 seconds
Number of updated asset objects reloaded before import = 0Number of asset objects unloaded after import = 0

========================================================================
Received Import Request.
  Time since last request: 56.972283 seconds.
  path: Assets/Scenes/FaraScene.unity
  artifactKey: Guid(0b8663d3201559d44906517b1b83862e) Importer(815301076,1909f56bfc062723c751e8b465ee728b)
Start importing Assets/Scenes/FaraScene.unity using Guid(0b8663d3201559d44906517b1b83862e) Importer(815301076,1909f56bfc062723c751e8b465ee728b) (PreviewImporter) -> (artifact id: 'dcca287dc6fb5365529cc98247ee5f03') in 0.0004146 seconds
Number of updated asset objects reloaded before import = 0Number of asset objects unloaded after import = 0

========================================================================
Received Import Request.
  Time since last request: 25.725253 seconds.
  path: Assets/European Buildings/Decorations
  artifactKey: Guid(9e1a5c3039bb79c47b0dff133cbb7358) Importer(815301076,1909f56bfc062723c751e8b465ee728b)
Start importing Assets/European Buildings/Decorations using Guid(9e1a5c3039bb79c47b0dff133cbb7358) Importer(815301076,1909f56bfc062723c751e8b465ee728b) (PreviewImporter) -> (artifact id: '18e20eec52cd24bcc1be0970856d869f') in 0.0003985 seconds
Number of updated asset objects reloaded before import = 0Number of asset objects unloaded after import = 0

========================================================================
Received Import Request.
  Time since last request: 0.361573 seconds.
  path: Assets/European Buildings/Decorations/bench_2_v_1.prefab
  artifactKey: Guid(441208d0311004f4e893fe3616c8de9b) Importer(815301076,1909f56bfc062723c751e8b465ee728b)
Start importing Assets/European Buildings/Decorations/bench_2_v_1.prefab using Guid(441208d0311004f4e893fe3616c8de9b) Importer(815301076,1909f56bfc062723c751e8b465ee728b) (PreviewImporter) -> (artifact id: '970be16ccf85b79ea97537d6ccf2788b') in 0.0152464 seconds
Number of updated asset objects reloaded before import = 0Number of asset objects unloaded after import = 10

========================================================================
Received Import Request.
  Time since last request: 0.003342 seconds.
  path: Assets/European Buildings/Decorations/bench_2_v_3.prefab
  artifactKey: Guid(ad215a145679c054ebdefa69f036483e) Importer(815301076,1909f56bfc062723c751e8b465ee728b)
Start importing Assets/European Buildings/Decorations/bench_2_v_3.prefab using Guid(ad215a145679c054ebdefa69f036483e) Importer(815301076,1909f56bfc062723c751e8b465ee728b) (PreviewImporter) -> (artifact id: '1d4e769d767274da6c3ce4a85db85b24') in 0.0411594 seconds
Number of updated asset objects reloaded before import = 0Number of asset objects unloaded after import = 10

========================================================================
Received Import Request.
  Time since last request: 0.000016 seconds.
  path: Assets/European Buildings/Decorations/umbrella.prefab
  artifactKey: Guid(275a9d807a89bfa43aec81bc9be2a3ff) Importer(815301076,1909f56bfc062723c751e8b465ee728b)
Start importing Assets/European Buildings/Decorations/umbrella.prefab using Guid(275a9d807a89bfa43aec81bc9be2a3ff) Importer(815301076,1909f56bfc062723c751e8b465ee728b) (PreviewImporter) -> (artifact id: '872e1dbe14531e51226f25fc6a28dad5') in 0.0654046 seconds
Number of updated asset objects reloaded before import = 0Number of asset objects unloaded after import = 11

========================================================================
Received Import Request.
  Time since last request: 3.183001 seconds.
  path: Assets/European Buildings/Materials/accent_red.mat
  artifactKey: Guid(6964e6ddd4e837545a6463cf8d101a66) Importer(815301076,1909f56bfc062723c751e8b465ee728b)
Start importing Assets/European Buildings/Materials/accent_red.mat using Guid(6964e6ddd4e837545a6463cf8d101a66) Importer(815301076,1909f56bfc062723c751e8b465ee728b) (PreviewImporter) -> (artifact id: '3b7d95c9f44d68d0f8de4c6757d59aac') in 0.0209103 seconds
Number of updated asset objects reloaded before import = 0Number of asset objects unloaded after import = 1

========================================================================
Received Import Request.
  Time since last request: 0.000027 seconds.
  path: Assets/European Buildings/Materials/fasade_2.mat
  artifactKey: Guid(69bb725cfe9ae0446bfddd8e8cd284b8) Importer(815301076,1909f56bfc062723c751e8b465ee728b)
Start importing Assets/European Buildings/Materials/fasade_2.mat using Guid(69bb725cfe9ae0446bfddd8e8cd284b8) Importer(815301076,1909f56bfc062723c751e8b465ee728b) (PreviewImporter) -> (artifact id: 'dc878b9be4c250f06344f6ce02574c0e') in 0.0167714 seconds
Number of updated asset objects reloaded before import = 0Number of asset objects unloaded after import = 1

========================================================================
Received Import Request.
  Time since last request: 0.000021 seconds.
  path: Assets/European Buildings/Materials/window_dark.mat
  artifactKey: Guid(ecf0c8c920ea9b24dac7bc5e61487e27) Importer(815301076,1909f56bfc062723c751e8b465ee728b)
Start importing Assets/European Buildings/Materials/window_dark.mat using Guid(ecf0c8c920ea9b24dac7bc5e61487e27) Importer(815301076,1909f56bfc062723c751e8b465ee728b) (PreviewImporter) -> (artifact id: 'd4f30d8512696b7d63e96957cad0191e') in 0.0131467 seconds
Number of updated asset objects reloaded before import = 0Number of asset objects unloaded after import = 1

========================================================================
Received Import Request.
  Time since last request: 0.000022 seconds.
  path: Assets/European Buildings/Materials/wood.mat
  artifactKey: Guid(db38a0a575c00d04d9401e5d842d755b) Importer(815301076,1909f56bfc062723c751e8b465ee728b)
Start importing Assets/European Buildings/Materials/wood.mat using Guid(db38a0a575c00d04d9401e5d842d755b) Importer(815301076,1909f56bfc062723c751e8b465ee728b) (PreviewImporter) -> (artifact id: '8202a66051e5a4f1921ba53d6a85abbd') in 0.0172815 seconds
Number of updated asset objects reloaded before import = 0Number of asset objects unloaded after import = 1

========================================================================
Received Import Request.
  Time since last request: 0.629568 seconds.
  path: Assets/European Buildings/FBX/bench_2_v_1.fbx
  artifactKey: Guid(cc76394d64b1712439fc00a055ecf92d) Importer(815301076,1909f56bfc062723c751e8b465ee728b)
Start importing Assets/European Buildings/FBX/bench_2_v_1.fbx using Guid(cc76394d64b1712439fc00a055ecf92d) Importer(815301076,1909f56bfc062723c751e8b465ee728b) (PreviewImporter) -> (artifact id: 'd3de73733c0c4b3bdc1f52c5b2465ef2') in 0.0093574 seconds
Number of updated asset objects reloaded before import = 0Number of asset objects unloaded after import = 9

========================================================================
Received Import Request.
  Time since last request: 0.003322 seconds.
  path: Assets/European Buildings/FBX/building_3.fbx
  artifactKey: Guid(4745f1ac0883e6048bc0591f23f74a1d) Importer(815301076,1909f56bfc062723c751e8b465ee728b)
Start importing Assets/European Buildings/FBX/building_3.fbx using Guid(4745f1ac0883e6048bc0591f23f74a1d) Importer(815301076,1909f56bfc062723c751e8b465ee728b) (PreviewImporter) -> (artifact id: '7614ab83e8145e5031240aa26633bb0b') in 0.0142884 seconds
Number of updated asset objects reloaded before import = 0Number of asset objects unloaded after import = 16

========================================================================
Received Import Request.
  Time since last request: 0.000019 seconds.
  path: Assets/European Buildings/FBX/umbrella.fbx
  artifactKey: Guid(3355213e487f5394481a42d200e00864) Importer(815301076,1909f56bfc062723c751e8b465ee728b)
Start importing Assets/European Buildings/FBX/umbrella.fbx using Guid(3355213e487f5394481a42d200e00864) Importer(815301076,1909f56bfc062723c751e8b465ee728b) (PreviewImporter) -> (artifact id: 'efbc68132b769bf5522b45ed86ed1cf3') in 0.0104493 seconds
Number of updated asset objects reloaded before import = 0Number of asset objects unloaded after import = 10

========================================================================
Received Import Request.
  Time since last request: 0.000021 seconds.
  path: Assets/European Buildings/FBX/patio_platform.fbx
  artifactKey: Guid(36fc8dd22b4951e4598c1b96a7617f61) Importer(815301076,1909f56bfc062723c751e8b465ee728b)
Start importing Assets/European Buildings/FBX/patio_platform.fbx using Guid(36fc8dd22b4951e4598c1b96a7617f61) Importer(815301076,1909f56bfc062723c751e8b465ee728b) (PreviewImporter) -> (artifact id: '5a0dbadc7abc724cf04d8860001c038b') in 0.0156328 seconds
Number of updated asset objects reloaded before import = 0Number of asset objects unloaded after import = 9

========================================================================
Received Import Request.
  Time since last request: 0.000020 seconds.
  path: Assets/European Buildings/FBX/building_5.fbx
  artifactKey: Guid(5ceb1c271ea02cd44a78e1a2afda13b9) Importer(815301076,1909f56bfc062723c751e8b465ee728b)
Start importing Assets/European Buildings/FBX/building_5.fbx using Guid(5ceb1c271ea02cd44a78e1a2afda13b9) Importer(815301076,1909f56bfc062723c751e8b465ee728b) (PreviewImporter) -> (artifact id: 'af33099a9fcd4abffe35b5e55ec5d469') in 0.0220307 seconds
Number of updated asset objects reloaded before import = 0Number of asset objects unloaded after import = 14

========================================================================
Received Import Request.
  Time since last request: 0.000025 seconds.
  path: Assets/European Buildings/FBX/building_8.fbx
  artifactKey: Guid(37026fea9c0f20048bea5700b6d4b897) Importer(815301076,1909f56bfc062723c751e8b465ee728b)
Start importing Assets/European Buildings/FBX/building_8.fbx using Guid(37026fea9c0f20048bea5700b6d4b897) Importer(815301076,1909f56bfc062723c751e8b465ee728b) (PreviewImporter) -> (artifact id: 'cddf64b545ebddfe8180eebba93a9724') in 0.0196778 seconds
Number of updated asset objects reloaded before import = 0Number of asset objects unloaded after import = 22

========================================================================
Received Import Request.
  Time since last request: 33.888904 seconds.
  path: Assets/European Buildings/Buildings/building_1.prefab
  artifactKey: Guid(4531f4941a67045459499f23ed5bc711) Importer(815301076,1909f56bfc062723c751e8b465ee728b)
Start importing Assets/European Buildings/Buildings/building_1.prefab using Guid(4531f4941a67045459499f23ed5bc711) Importer(815301076,1909f56bfc062723c751e8b465ee728b) (PreviewImporter) -> (artifact id: 'bf6f22610885e815ef1e55911a216154') in 0.0364154 seconds
Number of updated asset objects reloaded before import = 0Number of asset objects unloaded after import = 15

Editor requested this worker to shutdown with reason: Scaling down because of idle timeout
AssetImportWorker is now disconnected from the server
Process exiting
Exiting without the bug reporter. Application will terminate with return code 0